Copyright 1986-2022 Xilinx, Inc. All Rights Reserved. Copyright 2022-2025 Advanced Micro Devices, Inc. All Rights Reserved.
---------------------------------------------------------------------------------------------------------------------------------------------
| Tool Version : Vivado v.2025.2 (lin64) Build 6299465 Fri Nov 14 12:34:56 MST 2025
| Date         : Sat Dec 13 15:22:36 2025
| Host         : murtyms-Z270X-Gaming-7 running 64-bit Ubuntu 22.04.5 LTS
| Command      : upgrade_ip
| Device       : xc7a200tffg1156-1
---------------------------------------------------------------------------------------------------------------------------------------------

Upgrade Log for IP 'design_1_smartconnect_0_0'

1. Summary
----------

SUCCESS in the upgrade of design_1_smartconnect_0_0 (xilinx.com:ip:smartconnect:1.0) from (Rev. 20) to (Rev. 28)

After upgrade, an IP may have parameter and port differences compared to the original customization. Please review the parameters within the IP customization GUI to ensure proper functionality. Also, please review the updated IP instantiation template to ensure proper connectivity, and update your design if required.

2. Connection and Interface Information
---------------------------------------

Connection and Interface information can not be compared for deferred elaboration IPs.
design_1_smartconnect_0_0 may have connection or interface changes.







Copyright 1986-2022 Xilinx, Inc. All Rights Reserved. Copyright 2022-2025 Advanced Micro Devices, Inc. All Rights Reserved.
---------------------------------------------------------------------------------------------------------------------------------------------
| Tool Version : Vivado v.2025.2 (lin64) Build 6299465 Fri Nov 14 12:34:56 MST 2025
| Date         : Sat Dec 13 15:22:36 2025
| Host         : murtyms-Z270X-Gaming-7 running 64-bit Ubuntu 22.04.5 LTS
| Command      : upgrade_ip
| Device       : xc7a200tffg1156-1
---------------------------------------------------------------------------------------------------------------------------------------------

Upgrade Log for IP 'design_1_proc_sys_reset_0_0'

1. Summary
----------

SUCCESS in the upgrade of design_1_proc_sys_reset_0_0 (xilinx.com:ip:proc_sys_reset:5.0) from (Rev. 13) to (Rev. 17)






Copyright 1986-2022 Xilinx, Inc. All Rights Reserved. Copyright 2022-2025 Advanced Micro Devices, Inc. All Rights Reserved.
---------------------------------------------------------------------------------------------------------------------------------------------
| Tool Version : Vivado v.2025.2 (lin64) Build 6299465 Fri Nov 14 12:34:56 MST 2025
| Date         : Sat Dec 13 15:22:35 2025
| Host         : murtyms-Z270X-Gaming-7 running 64-bit Ubuntu 22.04.5 LTS
| Command      : upgrade_ip
| Device       : xc7a200tffg1156-1
---------------------------------------------------------------------------------------------------------------------------------------------

Upgrade Log for IP 'design_1_clk_wiz_0_0'

1. Summary
----------

SUCCESS in the upgrade of design_1_clk_wiz_0_0 (xilinx.com:ip:clk_wiz:6.0) from (Rev. 12) to (Rev. 17)

