
*** Running vivado
    with args -log design_1_Blinky_0_0.vds -m64 -product Vivado -mode batch -messageDb vivado.pb -notrace -source design_1_Blinky_0_0.tcl


****** Vivado v2025.2 (64-bit)
  **** SW Build 6299465 on Fri Nov 14 12:34:56 MST 2025
  **** IP Build 6300035 on Fri Nov 14 10:48:45 MST 2025
  **** SharedData Build 6298862 on Thu Nov 13 04:50:51 MST 2025
  **** Start of session at: Sun Dec 14 21:32:52 2025
    ** Copyright 1986-2022 Xilinx, Inc. All Rights Reserved.
    ** Copyright 2022-2025 Advanced Micro Devices, Inc. All Rights Reserved.

source design_1_Blinky_0_0.tcl -notrace
INFO: [IP_Flow 19-234] Refreshing IP repositories
INFO: [IP_Flow 19-1704] No user IP repositories specified
INFO: [IP_Flow 19-2313] Loaded Vivado IP repository '/home/murtyms/Vivado/2025.2/data/ip'.
Command: synth_design -top design_1_Blinky_0_0 -part xc7a200tffg1156-1 -incremental_mode off -mode out_of_context
Starting synth_design
Attempting to get a license for feature 'Synthesis' and/or device 'xc7a200t'
INFO: [Common 17-349] Got license for feature 'Synthesis' and/or device 'xc7a200t'
INFO: [Device 21-403] Loading part xc7a200tffg1156-1
INFO: [Synth 8-7079] Multithreading enabled for synth_design using a maximum of 7 processes.
INFO: [Synth 8-7078] Launching helper process for spawning children vivado processes
INFO: [Synth 8-7075] Helper process launched with PID 72949
---------------------------------------------------------------------------------
Starting RTL Elaboration : Time (s): cpu = 00:00:04 ; elapsed = 00:00:04 . Memory (MB): peak = 2280.039 ; gain = 483.188 ; free physical = 368 ; free virtual = 7734
---------------------------------------------------------------------------------
INFO: [Synth 8-638] synthesizing module 'design_1_Blinky_0_0' [/home/murtyms/Radar/HarrisFMCWRadar/HarrisFMCWRadar.gen/sources_1/bd/design_1/ip/design_1_Blinky_0_0/synth/design_1_Blinky_0_0.vhd:64]
	Parameter BUS_WIDTH bound to: 2 - type: integer 
	Parameter CLK_FREQ bound to: 100000000 - type: integer 
	Parameter LED_CLK_DIVIDER bound to: 2 - type: integer 
INFO: [Synth 8-3491] module 'Blinky' declared at '/home/murtyms/Radar/HarrisFMCWRadar/HarrisFMCWRadar.srcs/sources_1/new/Blinky.v:23' bound to instance 'U0' of component 'Blinky' [/home/murtyms/Radar/HarrisFMCWRadar/HarrisFMCWRadar.gen/sources_1/bd/design_1/ip/design_1_Blinky_0_0/synth/design_1_Blinky_0_0.vhd:97]
INFO: [Synth 8-6157] synthesizing module 'Blinky' [/home/murtyms/Radar/HarrisFMCWRadar/HarrisFMCWRadar.srcs/sources_1/new/Blinky.v:23]
INFO: [Synth 8-6155] done synthesizing module 'Blinky' (0#1) [/home/murtyms/Radar/HarrisFMCWRadar/HarrisFMCWRadar.srcs/sources_1/new/Blinky.v:23]
INFO: [Synth 8-256] done synthesizing module 'design_1_Blinky_0_0' (0#1) [/home/murtyms/Radar/HarrisFMCWRadar/HarrisFMCWRadar.gen/sources_1/bd/design_1/ip/design_1_Blinky_0_0/synth/design_1_Blinky_0_0.vhd:64]
---------------------------------------------------------------------------------
Finished RTL Elaboration : Time (s): cpu = 00:00:06 ; elapsed = 00:00:06 . Memory (MB): peak = 2369.008 ; gain = 572.156 ; free physical = 273 ; free virtual = 7648
---------------------------------------------------------------------------------
---------------------------------------------------------------------------------
Start Handling Custom Attributes
---------------------------------------------------------------------------------
---------------------------------------------------------------------------------
Finished Handling Custom Attributes : Time (s): cpu = 00:00:06 ; elapsed = 00:00:06 . Memory (MB): peak = 2380.883 ; gain = 584.031 ; free physical = 273 ; free virtual = 7648
---------------------------------------------------------------------------------
---------------------------------------------------------------------------------
Finished RTL Optimization Phase 1 : Time (s): cpu = 00:00:06 ; elapsed = 00:00:06 . Memory (MB): peak = 2380.883 ; gain = 584.031 ; free physical = 273 ; free virtual = 7648
---------------------------------------------------------------------------------
Netlist sorting complete. Time (s): cpu = 00:00:00.01 ; elapsed = 00:00:00 . Memory (MB): peak = 2380.883 ; gain = 0.000 ; free physical = 273 ; free virtual = 7648
INFO: [Project 1-570] Preparing netlist for logic optimization

Processing XDC Constraints
Initializing timing engine
Completed Processing XDC Constraints

Netlist sorting complete. Time (s): cpu = 00:00:00 ; elapsed = 00:00:00 . Memory (MB): peak = 2455.621 ; gain = 0.000 ; free physical = 299 ; free virtual = 7665
INFO: [Project 1-111] Unisim Transformation Summary:
No Unisim elements were transformed.

Constraint Validation Runtime : Time (s): cpu = 00:00:00.01 ; elapsed = 00:00:00.01 . Memory (MB): peak = 2455.656 ; gain = 0.000 ; free physical = 298 ; free virtual = 7665
INFO: [Designutils 20-5008] Incremental synthesis strategy off
---------------------------------------------------------------------------------
Finished Constraint Validation : Time (s): cpu = 00:00:13 ; elapsed = 00:00:13 . Memory (MB): peak = 2455.656 ; gain = 658.805 ; free physical = 338 ; free virtual = 7705
---------------------------------------------------------------------------------
---------------------------------------------------------------------------------
Start Loading Part and Timing Information
---------------------------------------------------------------------------------
Loading part: xc7a200tffg1156-1
---------------------------------------------------------------------------------
Finished Loading Part and Timing Information : Time (s): cpu = 00:00:13 ; elapsed = 00:00:13 . Memory (MB): peak = 2463.625 ; gain = 666.773 ; free physical = 338 ; free virtual = 7705
---------------------------------------------------------------------------------
---------------------------------------------------------------------------------
Start Applying 'set_property' XDC Constraints
---------------------------------------------------------------------------------
---------------------------------------------------------------------------------
Finished applying 'set_property' XDC Constraints : Time (s): cpu = 00:00:13 ; elapsed = 00:00:13 . Memory (MB): peak = 2463.625 ; gain = 666.773 ; free physical = 338 ; free virtual = 7705
---------------------------------------------------------------------------------
---------------------------------------------------------------------------------
Finished RTL Optimization Phase 2 : Time (s): cpu = 00:00:13 ; elapsed = 00:00:14 . Memory (MB): peak = 2463.625 ; gain = 666.773 ; free physical = 337 ; free virtual = 7704
---------------------------------------------------------------------------------
No constraint files found.
---------------------------------------------------------------------------------
Start RTL Component Statistics 
---------------------------------------------------------------------------------
Detailed RTL Component Info : 
+---Registers : 
	                2 Bit    Registers := 1     
---------------------------------------------------------------------------------
Finished RTL Component Statistics 
---------------------------------------------------------------------------------
---------------------------------------------------------------------------------
Start Part Resource Summary
---------------------------------------------------------------------------------
Part Resources:
DSPs: 740 (col length:100)
BRAMs: 730 (col length: RAMB18 100 RAMB36 50)
---------------------------------------------------------------------------------
Finished Part Resource Summary
---------------------------------------------------------------------------------
No constraint files found.
---------------------------------------------------------------------------------
Start Cross Boundary and Area Optimization
---------------------------------------------------------------------------------
---------------------------------------------------------------------------------
Finished Cross Boundary and Area Optimization : Time (s): cpu = 00:00:15 ; elapsed = 00:00:16 . Memory (MB): peak = 2463.625 ; gain = 666.773 ; free physical = 334 ; free virtual = 7705
---------------------------------------------------------------------------------
No constraint files found.
---------------------------------------------------------------------------------
Start Timing Optimization
---------------------------------------------------------------------------------
---------------------------------------------------------------------------------
Finished Timing Optimization : Time (s): cpu = 00:00:15 ; elapsed = 00:00:16 . Memory (MB): peak = 2463.625 ; gain = 666.773 ; free physical = 334 ; free virtual = 7705
---------------------------------------------------------------------------------
---------------------------------------------------------------------------------
Start Technology Mapping
---------------------------------------------------------------------------------
---------------------------------------------------------------------------------
Finished Technology Mapping : Time (s): cpu = 00:00:15 ; elapsed = 00:00:16 . Memory (MB): peak = 2463.625 ; gain = 666.773 ; free physical = 334 ; free virtual = 7705
---------------------------------------------------------------------------------
---------------------------------------------------------------------------------
Start IO Insertion
---------------------------------------------------------------------------------
---------------------------------------------------------------------------------
Start Flattening Before IO Insertion
---------------------------------------------------------------------------------
---------------------------------------------------------------------------------
Finished Flattening Before IO Insertion
---------------------------------------------------------------------------------
---------------------------------------------------------------------------------
Start Final Netlist Cleanup
---------------------------------------------------------------------------------
---------------------------------------------------------------------------------
Finished Final Netlist Cleanup
---------------------------------------------------------------------------------
---------------------------------------------------------------------------------
Finished IO Insertion : Time (s): cpu = 00:00:20 ; elapsed = 00:00:20 . Memory (MB): peak = 2590.438 ; gain = 793.586 ; free physical = 301 ; free virtual = 7669
---------------------------------------------------------------------------------
---------------------------------------------------------------------------------
Start Renaming Generated Instances
---------------------------------------------------------------------------------
---------------------------------------------------------------------------------
Finished Renaming Generated Instances : Time (s): cpu = 00:00:20 ; elapsed = 00:00:20 . Memory (MB): peak = 2590.438 ; gain = 793.586 ; free physical = 301 ; free virtual = 7669
---------------------------------------------------------------------------------
---------------------------------------------------------------------------------
Start Rebuilding User Hierarchy
---------------------------------------------------------------------------------
---------------------------------------------------------------------------------
Finished Rebuilding User Hierarchy : Time (s): cpu = 00:00:20 ; elapsed = 00:00:20 . Memory (MB): peak = 2590.438 ; gain = 793.586 ; free physical = 301 ; free virtual = 7669
---------------------------------------------------------------------------------
---------------------------------------------------------------------------------
Start Renaming Generated Ports
---------------------------------------------------------------------------------
---------------------------------------------------------------------------------
Finished Renaming Generated Ports : Time (s): cpu = 00:00:20 ; elapsed = 00:00:20 . Memory (MB): peak = 2590.438 ; gain = 793.586 ; free physical = 301 ; free virtual = 7669
---------------------------------------------------------------------------------
---------------------------------------------------------------------------------
Start Handling Custom Attributes
---------------------------------------------------------------------------------
---------------------------------------------------------------------------------
Finished Handling Custom Attributes : Time (s): cpu = 00:00:20 ; elapsed = 00:00:20 . Memory (MB): peak = 2590.438 ; gain = 793.586 ; free physical = 301 ; free virtual = 7669
---------------------------------------------------------------------------------
---------------------------------------------------------------------------------
Start Renaming Generated Nets
---------------------------------------------------------------------------------
---------------------------------------------------------------------------------
Finished Renaming Generated Nets : Time (s): cpu = 00:00:20 ; elapsed = 00:00:20 . Memory (MB): peak = 2590.438 ; gain = 793.586 ; free physical = 301 ; free virtual = 7669
---------------------------------------------------------------------------------
---------------------------------------------------------------------------------
Start Writing Synthesis Report
---------------------------------------------------------------------------------

Report BlackBoxes: 
+-+--------------+----------+
| |BlackBox name |Instances |
+-+--------------+----------+
+-+--------------+----------+

Report Cell Usage: 
+------+-------+------+
|      |Cell   |Count |
+------+-------+------+
|1     |CARRY4 |     7|
|2     |LUT1   |     1|
|3     |LUT2   |     1|
|4     |LUT4   |     2|
|5     |LUT6   |     5|
|6     |FDRE   |    28|
+------+-------+------+
---------------------------------------------------------------------------------
Finished Writing Synthesis Report : Time (s): cpu = 00:00:20 ; elapsed = 00:00:20 . Memory (MB): peak = 2590.438 ; gain = 793.586 ; free physical = 306 ; free virtual = 7674
---------------------------------------------------------------------------------
Synthesis finished with 0 errors, 0 critical warnings and 0 warnings.
Synthesis Optimization Runtime : Time (s): cpu = 00:00:17 ; elapsed = 00:00:18 . Memory (MB): peak = 2590.438 ; gain = 718.812 ; free physical = 313 ; free virtual = 7680
Synthesis Optimization Complete : Time (s): cpu = 00:00:20 ; elapsed = 00:00:20 . Memory (MB): peak = 2590.445 ; gain = 793.586 ; free physical = 314 ; free virtual = 7682
INFO: [Project 1-571] Translating synthesized netlist
Netlist sorting complete. Time (s): cpu = 00:00:00 ; elapsed = 00:00:00 . Memory (MB): peak = 2605.281 ; gain = 0.000 ; free physical = 297 ; free virtual = 7665
INFO: [Netlist 29-17] Analyzing 7 Unisim elements for replacement
INFO: [Netlist 29-28] Unisim Transformation completed in 0 CPU seconds
INFO: [Project 1-570] Preparing netlist for logic optimization
INFO: [Opt 31-138] Pushed 0 inverter(s) to 0 load pin(s).
Netlist sorting complete. Time (s): cpu = 00:00:00 ; elapsed = 00:00:00 . Memory (MB): peak = 2724.855 ; gain = 0.000 ; free physical = 412 ; free virtual = 7778
INFO: [Project 1-111] Unisim Transformation Summary:
No Unisim elements were transformed.

Synth Design complete | Checksum: 364bfd93
INFO: [Common 17-83] Releasing license: Synthesis
23 Infos, 0 Warnings, 0 Critical Warnings and 0 Errors encountered.
synth_design completed successfully
synth_design: Time (s): cpu = 00:00:29 ; elapsed = 00:00:26 . Memory (MB): peak = 2724.891 ; gain = 1099.156 ; free physical = 412 ; free virtual = 7778
INFO: [Common 17-2834] synth_design peak Physical Memory [PSS] (MB): overall = 1970.783; main = 1838.038; forked = 290.198
INFO: [Common 17-2834] synth_design peak Virtual Memory [VSS] (MB): overall = 3600.324; main = 2724.859; forked = 995.055
Write ShapeDB Complete: Time (s): cpu = 00:00:00 ; elapsed = 00:00:00 . Memory (MB): peak = 2748.867 ; gain = 0.000 ; free physical = 412 ; free virtual = 7778
INFO: [Common 17-1381] The checkpoint '/home/murtyms/Radar/HarrisFMCWRadar/HarrisFMCWRadar.runs/design_1_Blinky_0_0_synth_1/design_1_Blinky_0_0.dcp' has been generated.
INFO: [Vivado 12-24828] Executing command : report_utilization -file design_1_Blinky_0_0_utilization_synth.rpt -pb design_1_Blinky_0_0_utilization_synth.pb
INFO: [Common 17-206] Exiting Vivado at Sun Dec 14 21:33:25 2025...
